schmitt ckt - ecl compatible schmitt trigger 
#           v(1)       v(2)       v(3)       v(4)       v(5)       v(6)       v(7)       v(8)       iter(0)   
 27.       -1.6       -1.6       -0.2597    -2.068     -1.2206    -1.1106    -1.8919    -5.         8.        
#Time       v(1)       v(3)       v(5)       v(6)      
 0.        -1.6       -0.2597    -1.2206    -1.1106    
 20.n      -1.59      -0.25967   -1.2206    -1.1106    
 40.n      -1.57      -0.2597    -1.2206    -1.1105    
 60.n      -1.55      -0.25967   -1.2206    -1.1106    
 80.n      -1.53      -0.2597    -1.2206    -1.1105    
 100.n     -1.51      -0.25968   -1.2206    -1.1105    
 120.n     -1.49      -0.25972   -1.2206    -1.1105    
 140.n     -1.47      -0.25972   -1.2206    -1.1105    
 160.n     -1.45      -0.25981   -1.2207    -1.1102    
 180.n     -1.43      -0.25991   -1.2207    -1.11      
 200.n     -1.41      -0.26023   -1.221     -1.1093    
 220.n     -1.39      -0.26083   -1.2214    -1.1079    
 240.n     -1.37      -0.26231   -1.2224    -1.1045    
 260.n     -1.35      -0.26574   -1.2248    -1.0967    
 280.n     -1.33      -0.27603   -1.232     -1.0734    
 300.n     -1.31      -0.74527   -1.5493    -0.090023  
 320.n     -1.29      -0.75111   -1.5616    -0.074347  
 340.n     -1.27      -0.7565    -1.5716    -0.063845  
 360.n     -1.25      -0.7616    -1.5799    -0.056756  
 380.n     -1.23      -0.76649   -1.587     -0.051991  
 400.n     -1.21      -0.77118   -1.5931    -0.048821  
 420.n     -1.2       -0.77409   -1.5974    -0.046737  
 440.n     -1.2       -0.77495   -1.5993    -0.045407  
 460.n     -1.2       -0.77568   -1.6008    -0.044575  
 480.n     -1.2       -0.78029   -1.608     -0.043463  
 500.n     -1.2       -0.776     -1.6015    -0.044293  
 520.n     -1.21      -0.77495   -1.6014    -0.043909  
 540.n     -1.23      -0.77418   -1.6022    -0.044034  
 560.n     -1.25      -0.76816   -1.5961    -0.043796  
 580.n     -1.27      -0.76691   -1.5962    -0.044138  
 600.n     -1.29      -0.76134   -1.5908    -0.043733  
 620.n     -1.31      -0.75966   -1.5902    -0.04424   
 640.n     -1.33      -0.75446   -1.5855    -0.043783  
 660.n     -1.35      -0.75234   -1.5842    -0.044487  
 680.n     -1.37      -0.74732   -1.5799    -0.044338  
 700.n     -1.39      -0.74457   -1.5779    -0.045703  
 720.n     -1.41      -0.73881   -1.5733    -0.047749  
 740.n     -1.43      -0.73375   -1.5694    -0.053273  
 760.n     -1.45      -0.71939   -1.5591    -0.073712  
 780.n     -1.47      -0.28454   -1.2904    -0.98505   
 800.n     -1.49      -0.256     -1.2142    -1.1101    
 820.n     -1.51      -0.26085   -1.2195    -1.1128    
 840.n     -1.53      -0.26069   -1.2192    -1.1125    
 860.n     -1.55      -0.25879   -1.2221    -1.1088    
 880.n     -1.57      -0.26061   -1.219     -1.1124    
 900.n     -1.59      -0.25885   -1.2222    -1.1089    
 920.n     -1.6       -0.25893   -1.2224    -1.1091    
 940.n     -1.6       -0.26044   -1.2187    -1.1121    
 960.n     -1.6       -0.25898   -1.2225    -1.1092    
 980.n     -1.6       -0.2604    -1.2187    -1.112     
 1.u       -1.6       -0.25903   -1.2225    -1.1093    
v(3)  -2.               -1.5             -1.               -0.5              0.
v(5)  -2.               -1.5             -1.               -0.5              0.
        +-----------------+----------------+-----------------+----------------+
 0.     |                 .        +       .                 .       *        |
 20.n   |                 .        +       .                 .       *        |
 40.n   |                 .        +       .                 .       *        |
 60.n   |                 .        +       .                 .       *        |
 80.n   |                 .        +       .                 .       *        |
 100.n  |                 .        +       .                 .       *        |
 120.n  |                 .        +       .                 .       *        |
 140.n  |                 .        +       .                 .       *        |
 160.n  |                 .        +       .                 .       *        |
 180.n  |                 .        +       .                 .       *        |
 200.n  |                 .        +       .                 .       *        |
 220.n  |                 .        +       .                 .       *        |
 240.n  |                 .        +       .                 .       *        |
 260.n  |                 .        +       .                 .       *        |
 280.n  |                 .        +       .                 .      *         |
 300.n  |                +.                .        *        .                |
 320.n  |             +   .                .       *         .                |
 340.n  |             +   .                .       *         .                |
 360.n  |             +   .                .       *         .                |
 380.n  |             +   .                .       *         .                |
 400.n  |             +   .                .       *         .                |
 420.n  |             +   .                .       *         .                |
 440.n  |             +   .                .       *         .                |
 460.n  |             +   .                .       *         .                |
 480.n  |             +   .                .       *         .                |
 500.n  |             +   .                .       *         .                |
 520.n  |             +   .                .       *         .                |
 540.n  |             +   .                .       *         .                |
 560.n  |             +   .                .       *         .                |
 580.n  |             +   .                .       *         .                |
 600.n  |             +   .                .       *         .                |
 620.n  |             +   .                .       *         .                |
 640.n  |             +   .                .        *        .                |
 660.n  |              +  .                .        *        .                |
 680.n  |              +  .                .        *        .                |
 700.n  |              +  .                .        *        .                |
 720.n  |              +  .                .        *        .                |
 740.n  |              +  .                .        *        .                |
 760.n  |              +  .                .         *       .                |
 780.n  |                 +                .             *   .                |
 800.n  |                 .        +       .                 .       *        |
 820.n  |                 .        +       .                 .       *        |
 840.n  |                 .        +       .                 .       *        |
 860.n  |                 .        +       .                 .       *        |
 880.n  |                 .        +       .                 .       *        |
 900.n  |                 .        +       .                 .       *        |
 920.n  |                 .        +       .                 .       *        |
 940.n  |                 .        +       .                 .       *        |
 960.n  |                 .        +       .                 .       *        |
 980.n  |                 .        +       .                 .       *        |
 1.u    |                 .        +       .                 .       *        |
        +-----------------+----------------+-----------------+----------------+
v(6)  -2.               -1.5             -1.               -0.5              0.
v(1)  -2.               -1.5             -1.               -0.5              0.
        +-----------------+----------------+-----------------+----------------+
 0.     |             +   .            *   .                 .                |
 20.n   |             +   .            *   .                 .                |
 40.n   |              +  .            *   .                 .                |
 60.n   |               + .            *   .                 .                |
 80.n   |               + .            *   .                 .                |
 100.n  |                +.            *   .                 .                |
 120.n  |                 +            *   .                 .                |
 140.n  |                 .+           *   .                 .                |
 160.n  |                 .+           *   .                 .                |
 180.n  |                 . +          *   .                 .                |
 200.n  |                 .  +         *   .                 .                |
 220.n  |                 .  +         *   .                 .                |
 240.n  |                 .   +        *   .                 .                |
 260.n  |                 .    +        *  .                 .                |
 280.n  |                 .    +        *  .                 .                |
 300.n  |                 .     +          .                 .           *    |
 320.n  |                 .      +         .                 .               *|
 340.n  |                 .       +        .                 .              * |
 360.n  |                 .       +        .                 .              * |
 380.n  |                 .        +       .                 .              * |
 400.n  |                 .         +      .                 .              * |
 420.n  |                 .         +      .                 .              * |
 440.n  |                 .         +      .                 .              * |
 460.n  |                 .         +      .                 .              * |
 480.n  |                 .         +      .                 .              * |
 500.n  |                 .         +      .                 .              * |
 520.n  |                 .         +      .                 .              * |
 540.n  |                 .        +       .                 .              * |
 560.n  |                 .       +        .                 .              * |
 580.n  |                 .       +        .                 .              * |
 600.n  |                 .      +         .                 .              * |
 620.n  |                 .     +          .                 .              * |
 640.n  |                 .    +           .                 .              * |
 660.n  |                 .    +           .                 .              * |
 680.n  |                 .   +            .                 .              * |
 700.n  |                 .  +             .                 .              * |
 720.n  |                 .  +             .                 .              * |
 740.n  |                 . +              .                 .              * |
 760.n  |                 .+               .                 .              * |
 780.n  |                 .+               .                 .      *         |
 800.n  |                 +            *   .                 .                |
 820.n  |                +.            *   .                 .                |
 840.n  |               + .            *   .                 .                |
 860.n  |               + .            *   .                 .                |
 880.n  |              +  .            *   .                 .                |
 900.n  |             +   .            *   .                 .                |
 920.n  |             +   .            *   .                 .                |
 940.n  |             +   .            *   .                 .                |
 960.n  |             +   .            *   .                 .                |
 980.n  |             +   .            *   .                 .                |
 1.u    |             +   .            *   .                 .                |
        +-----------------+----------------+-----------------+----------------+
Gnucap   System status
iterations: op=8, dc=0, tran=489, fourier=0, total=1633
transient timesteps: accepted=238, rejected=9, total=247
nodes: user=8, subckt=0, model=8, total=16
dctran density=49.2%, ac density=49.2%
