#           v(1)       v(2)       i(V1)     
 0.         10.        1.4468    -171.06u   
#Freq       npwr(n2)   nv(n2)    
 1.K        273.5E-18  16.538n   
 10.K       273.5E-18  16.538n   
 100.K      273.5E-18  16.538n   
 1.Meg      273.5E-18  16.538n   
 10.Meg     273.5E-18  16.538n   
 100.Meg    273.5E-18  16.538n   
#           v(1)       v(2)       i(V1)     
 0.         10.        1.4468    -171.06u   
#Freq       npwr(n2)   nv(n2)    
 1.K        69.15E-18  8.3157n   
 10.K       69.15E-18  8.3157n   
 100.K      69.15E-18  8.3157n   
 1.Meg      69.15E-18  8.3157n   
 10.Meg     69.15E-18  8.3157n   
 100.Meg    69.15E-18  8.3157n   
#           v(1)       v(2)       i(V1)     
 0.         10.        1.4468    -171.06u   
#Freq       npwr(n2)   nv(n2)    
 1.K        137.3E-18  11.716n   
 10.K       137.3E-18  11.716n   
 100.K      137.3E-18  11.716n   
 1.Meg      137.3E-18  11.716n   
 10.Meg     137.3E-18  11.716n   
 100.Meg    137.3E-18  11.716n   
#           v(1)       v(2)       i(V1)     
 0.         10.        1.4468    -171.06u   
#Freq       npwr(n2)   nv(n2)    
 1.K        69.15E-18  8.3157n   
 10.K       69.15E-18  8.3157n   
 100.K      69.15E-18  8.3157n   
 1.Meg      69.15E-18  8.3157n   
 10.Meg     69.15E-18  8.3157n   
 100.Meg    69.15E-18  8.3157n   
Gnucap   System status
iterations: op=0, dc=11, tran=0, fourier=0, total=68
transient timesteps: accepted=0, rejected=0, total=0
nodes: user=2, subckt=0, model=2, total=4
dctran density=62.5%, ac density=62.5%
