nmos n gate, saturated 
#           v(2)       v(3)       v(4)       iter(0)   
 27.        0.65151    5.        -1.2349     8.        
#           i(Vds)     i(Vbs)     ps(Vds)    ps(Vbs)   
 27.       -43.485u    0.         217.42u    0.        
#           id(M1)     is(M1)     ig(M1)     ib(M1)     ibs(M1)    ibd(M1)   
 27.        43.485u   -43.485u    0.        -3.1413p   -1.2449p   -1.8964p   
#           vgs(M1)    vds(M1)    vbs(M1)    vth(M1)    vdsat(M1) 
 27.        0.65151    0.65151   -1.2349     ??         1.6143    
#           gmb(M1)    gm(M1)     gds(M1)    gbd(M1)    gbs(M1)   
 27.        ??         41.809u    49.871u    1.p        1.p       
#           cgs(M1)    cgd(M1)    cgb(M1)    cbd(M1)    cbs(M1)   
 27.        1.6044f    1.133f     0.         0.         0.        
#           cgsovl(M1) cgdovl(M1) cgbovl(M1) cgate(M1)  region(M1)
 27.        ??         ??         ??         ??         ??        
#           cgst(M1)   cgdt(M1)   cgbt(M1)  
 27.        ??         ??         ??        
#           p(M1)      pd(M1)     ps(M1)     ids(M1)    idstray(M1) iderror(M1)
 27.        28.331u    0.         0.         ??         ??         ??        
#           vdm(M1)    vgm(M1)    vbm(M1)    vsm(M1)   
 27.        ??         ??         ??         ??        
#           vd(M1)     vg(M1)     vb(M1)     vs(M1)    
 27.        ??         ??         ??         ??        
