nmos n gate, saturated 
#           v(2)       v(3)       v(4)       iter(0)   
 27.        3.3353     5.        -1.2349     8.        
#           i(Vds)     i(Vbs)     ps(Vds)    ps(Vbs)   
 27.       -16.648u    1.3344u    83.238u    1.6478u   
#           id(M1)     vgs(M1)    vds(M1)    vbs(M1)    vth(M1)    vdsat(M1) 
 27.        15.313u    0.        -3.3353    -4.5701     2.6165     0.48054   
#           gm(M1)     gds(M1)    gmb(M1)    cbd(M1)    cbs(M1)   
 27.        36.23u     559.87n    ??         ??         ??        
#           cgsovl(M1) cgdovl(M1) cgbovl(M1) cgate(M1)  region(M1)
 27.        ??         ??         ??         ??         ??        
#           cgs(M1)    cgd(M1)    cgb(M1)    vgst(M1)   von(M1)   
 27.        ??         ??         ??         ??         ??        
#           cgst(M1)   cgdt(M1)   cgbt(M1)   is(M1)     ig(M1)     ib(M1)    
 27.        ??         ??         ??         0.         ??         ??        
#           p(M1)      pd(M1)     ps(M1)     ids(M1)    idstray(M1) iderror(M1)
 27.        Inf        0.         0.         ??         ??         ??        
#           vdm(M1)    vgm(M1)    vbm(M1)    vsm(M1)   
 27.        ??         ??         ??         ??        
#           vd(M1)     vg(M1)     vb(M1)     vs(M1)    
 27.        ??         ??         ??         ??        
#           idbcpoly(M1) idb(M1)    gdbds(M1)  gdbgs(M1)  gdbbs(M1) 
 27.        ??         ??         ??         ??         ??        
#           isbcpoly(M1) isb(M1)    gsbsd(M1)  gsbgd(M1)  gsbbd(M1) 
 27.        ??         ??         ??         ??         ??        
