schmitt ckt - ecl compatible schmitt trigger 
#           v(1)       v(2)       v(3)       v(4)       v(5)       v(6)       v(7)       v(8)       iter(0)   
 27.       -1.6       -1.6       -0.2597    -2.068     -1.2206    -1.1106    -1.8919    -5.         8.        
#Time       v(1)       v(3)       v(5)       v(6)      
 0.        -1.6       -0.2597    -1.2206    -1.1106    
 20.n      -1.59      -0.25967   -1.2206    -1.1106    
 40.n      -1.57      -0.2597    -1.2206    -1.1105    
 60.n      -1.55      -0.25967   -1.2206    -1.1106    
 80.n      -1.53      -0.2597    -1.2206    -1.1105    
 100.n     -1.51      -0.25968   -1.2206    -1.1105    
 120.n     -1.49      -0.25972   -1.2206    -1.1105    
 140.n     -1.47      -0.25972   -1.2206    -1.1105    
 160.n     -1.45      -0.25981   -1.2207    -1.1102    
 180.n     -1.43      -0.25991   -1.2207    -1.11      
 200.n     -1.41      -0.26023   -1.221     -1.1093    
 220.n     -1.39      -0.26083   -1.2214    -1.1079    
 240.n     -1.37      -0.26231   -1.2224    -1.1045    
 260.n     -1.35      -0.26574   -1.2248    -1.0967    
 280.n     -1.33      -0.27603   -1.232     -1.0734    
 300.n     -1.31      -0.73192   -1.5144    -0.13173   
 320.n     -1.29      -0.76795   -1.6004    -0.041985  
 340.n     -1.27      -0.7659    -1.5954    -0.043341  
 360.n     -1.25      -0.76975   -1.5985    -0.043439  
 380.n     -1.23      -0.77211   -1.599     -0.044437  
 400.n     -1.21      -0.77693   -1.6042    -0.043487  
 420.n     -1.2       -0.77905   -1.606     -0.043579  
 440.n     -1.2       -0.77704   -1.6032    -0.044285  
 460.n     -1.2       -0.77914   -1.606     -0.043627  
 480.n     -1.2       -0.77696   -1.6032    -0.044239  
 500.n     -1.2       -0.77922   -1.606     -0.043671  
 520.n     -1.21      -0.77771   -1.6048    -0.043744  
 540.n     -1.23      -0.77152   -1.5991    -0.044117  
 560.n     -1.25      -0.77072   -1.5991    -0.043783  
 580.n     -1.27      -0.76445   -1.5935    -0.04409   
 600.n     -1.29      -0.76371   -1.5933    -0.043832  
 620.n     -1.31      -0.75737   -1.5879    -0.0441    
 640.n     -1.33      -0.75666   -1.5876    -0.04395   
 660.n     -1.35      -0.75021   -1.5822    -0.04431   
 680.n     -1.37      -0.7494    -1.5817    -0.044482  
 700.n     -1.39      -0.7425    -1.5762    -0.045657  
 720.n     -1.41      -0.74095   -1.5749    -0.047499  
 740.n     -1.43      -0.73131   -1.5677    -0.054264  
 760.n     -1.45      -0.72318   -1.5615    -0.069872  
 780.n     -1.47      -0.61008   -1.494     -0.28481   
 800.n     -1.49      -0.26132   -1.2204    -1.1136    
 820.n     -1.51      -0.26052   -1.2187    -1.1124    
 840.n     -1.53      -0.2604    -1.2185    -1.1122    
 860.n     -1.55      -0.25907   -1.2228    -1.1091    
 880.n     -1.57      -0.26034   -1.2184    -1.1121    
 900.n     -1.59      -0.25911   -1.2228    -1.1092    
 920.n     -1.6       -0.25916   -1.2229    -1.1093    
 940.n     -1.6       -0.26022   -1.2183    -1.1118    
 960.n     -1.6       -0.2592    -1.2229    -1.1094    
 980.n     -1.6       -0.26018   -1.2183    -1.1117    
 1.u       -1.6       -0.25923   -1.2229    -1.1095    
v(3)  -2.               -1.5             -1.               -0.5              0.
v(5)  -2.               -1.5             -1.               -0.5              0.
        +-----------------+----------------+-----------------+----------------+
 0.     |                 .        +       .                 .       *        |
 20.n   |                 .        +       .                 .       *        |
 40.n   |                 .        +       .                 .       *        |
 60.n   |                 .        +       .                 .       *        |
 80.n   |                 .        +       .                 .       *        |
 100.n  |                 .        +       .                 .       *        |
 120.n  |                 .        +       .                 .       *        |
 140.n  |                 .        +       .                 .       *        |
 160.n  |                 .        +       .                 .       *        |
 180.n  |                 .        +       .                 .       *        |
 200.n  |                 .        +       .                 .       *        |
 220.n  |                 .        +       .                 .       *        |
 240.n  |                 .        +       .                 .       *        |
 260.n  |                 .        +       .                 .       *        |
 280.n  |                 .        +       .                 .      *         |
 300.n  |                +.                .        *        .                |
 320.n  |             +   .                .       *         .                |
 340.n  |             +   .                .       *         .                |
 360.n  |             +   .                .       *         .                |
 380.n  |             +   .                .       *         .                |
 400.n  |             +   .                .       *         .                |
 420.n  |             +   .                .       *         .                |
 440.n  |             +   .                .       *         .                |
 460.n  |             +   .                .       *         .                |
 480.n  |             +   .                .       *         .                |
 500.n  |             +   .                .       *         .                |
 520.n  |             +   .                .       *         .                |
 540.n  |             +   .                .       *         .                |
 560.n  |             +   .                .       *         .                |
 580.n  |             +   .                .       *         .                |
 600.n  |             +   .                .       *         .                |
 620.n  |             +   .                .       *         .                |
 640.n  |             +   .                .        *        .                |
 660.n  |              +  .                .        *        .                |
 680.n  |              +  .                .        *        .                |
 700.n  |              +  .                .        *        .                |
 720.n  |              +  .                .        *        .                |
 740.n  |              +  .                .        *        .                |
 760.n  |              +  .                .         *       .                |
 780.n  |                 +                .             *   .                |
 800.n  |                 .        +       .                 .       *        |
 820.n  |                 .        +       .                 .       *        |
 840.n  |                 .        +       .                 .       *        |
 860.n  |                 .        +       .                 .       *        |
 880.n  |                 .        +       .                 .       *        |
 900.n  |                 .        +       .                 .       *        |
 920.n  |                 .        +       .                 .       *        |
 940.n  |                 .        +       .                 .       *        |
 960.n  |                 .        +       .                 .       *        |
 980.n  |                 .        +       .                 .       *        |
 1.u    |                 .        +       .                 .       *        |
        +-----------------+----------------+-----------------+----------------+
v(6)  -2.               -1.5             -1.               -0.5              0.
v(1)  -2.               -1.5             -1.               -0.5              0.
        +-----------------+----------------+-----------------+----------------+
 0.     |             +   .            *   .                 .                |
 20.n   |             +   .            *   .                 .                |
 40.n   |              +  .            *   .                 .                |
 60.n   |               + .            *   .                 .                |
 80.n   |               + .            *   .                 .                |
 100.n  |                +.            *   .                 .                |
 120.n  |                 +            *   .                 .                |
 140.n  |                 .+           *   .                 .                |
 160.n  |                 .+           *   .                 .                |
 180.n  |                 . +          *   .                 .                |
 200.n  |                 .  +         *   .                 .                |
 220.n  |                 .  +         *   .                 .                |
 240.n  |                 .   +        *   .                 .                |
 260.n  |                 .    +        *  .                 .                |
 280.n  |                 .    +        *  .                 .                |
 300.n  |                 .     +          .                 .           *    |
 320.n  |                 .      +         .                 .               *|
 340.n  |                 .       +        .                 .              * |
 360.n  |                 .       +        .                 .              * |
 380.n  |                 .        +       .                 .              * |
 400.n  |                 .         +      .                 .              * |
 420.n  |                 .         +      .                 .              * |
 440.n  |                 .         +      .                 .              * |
 460.n  |                 .         +      .                 .              * |
 480.n  |                 .         +      .                 .              * |
 500.n  |                 .         +      .                 .              * |
 520.n  |                 .         +      .                 .              * |
 540.n  |                 .        +       .                 .              * |
 560.n  |                 .       +        .                 .              * |
 580.n  |                 .       +        .                 .              * |
 600.n  |                 .      +         .                 .              * |
 620.n  |                 .     +          .                 .              * |
 640.n  |                 .    +           .                 .              * |
 660.n  |                 .    +           .                 .              * |
 680.n  |                 .   +            .                 .              * |
 700.n  |                 .  +             .                 .              * |
 720.n  |                 .  +             .                 .              * |
 740.n  |                 . +              .                 .              * |
 760.n  |                 .+               .                 .              * |
 780.n  |                 .+               .                 .      *         |
 800.n  |                 +            *   .                 .                |
 820.n  |                +.            *   .                 .                |
 840.n  |               + .            *   .                 .                |
 860.n  |               + .            *   .                 .                |
 880.n  |              +  .            *   .                 .                |
 900.n  |             +   .            *   .                 .                |
 920.n  |             +   .            *   .                 .                |
 940.n  |             +   .            *   .                 .                |
 960.n  |             +   .            *   .                 .                |
 980.n  |             +   .            *   .                 .                |
 1.u    |             +   .            *   .                 .                |
        +-----------------+----------------+-----------------+----------------+
Gnucap   System status
iterations: op=8, dc=0, tran=460, fourier=0, total=1629
transient timesteps: accepted=243, rejected=9, total=252
nodes: user=8, subckt=0, model=8, total=16
dctran density=49.2%, ac density=49.2%
