nmos n gate, sub-threshold 
.model cmosn  n ... nss= 1.E+12  tpg=1  xj= 400.n  ld= 265.073n  uo= 503.521
                                        ^ ? cmosn: bad parameter xj ignored
.model cmosn  n ... .073n  uo= 503.521  kf= 0.  af= 1.  fc= 0.5) 
                                        ^ ? cmosn: bad parameter kf ignored
.model cmosn  n ... o= 503.521  kf= 0.  af= 1.  fc= 0.5) 
                                        ^ ? cmosn: bad parameter af ignored
#           v(1)       v(2)       v(3)       v(4)       iter(0)   
 27.        0.23673    5.         5.        -1.2349     5.        
#           i(Vgs)     i(Vds)     i(Vbs)     ps(Vgs)    ps(Vds)    ps(Vbs)   
 27.        0.         0.         0.         0.         0.         0.        
#           id(M1)     vgs(M1)    vds(M1)    vbs(M1)    vth(M1)    vdsat(M1) 
 27.        0.         0.23673    5.        -1.2349     ??         0.        
#           gm(M1)     gds(M1)    gmb(M1)    cbd(M1)    cbs(M1)   
 27.        0.         0.         ??         0.         0.        
#           cgsovl(M1) cgdovl(M1) cgbovl(M1) cgate(M1)  region(M1)
 27.        ??         ??         ??         ??         ??        
#           cgs(M1)    cgd(M1)    cgb(M1)    vgst(M1)   von(M1)   
 27.        0.         0.         31.487f    ??         1.3449    
#           cgst(M1)   cgdt(M1)   cgbt(M1)   is(M1)     ig(M1)     ib(M1)    
 27.        ??         ??         ??         0.         0.         0.        
#           p(M1)      pd(M1)     ps(M1)     ids(M1)    idstray(M1) iderror(M1)
 27.        0.         0.         0.         ??         ??         ??        
#           vdm(M1)    vgm(M1)    vbm(M1)    vsm(M1)   
 27.        ??         ??         ??         ??        
#           vd(M1)     vg(M1)     vb(M1)     vs(M1)    
 27.        ??         ??         ??         ??        
