D: already installed, replacing
stashing as D:0
d: already installed, replacing
stashing as d:0
simple diode test 
V1 ( 1 0 )  DC  10.
R1 ( 1 2 )  100.K
D1 ( 2 0 )  ddd 2 m=2
.model ddd d ( af=1. cjo=1.p eg=1.11 fc=0.5 is=10.f kf=0. m=0.5 n=1. rs=0. tt=0. vj=1. xti=3.)
#           v(1)       v(2)       i(V1)      i(R1)      id(D1)     vd(D1)     gd(D1)     cd(D1)     zraw(D1)   z(2)      
 27.        10.        0.54033   -94.597u    94.597u    47.298u    0.54033    0.0018287  5.885p     272.67     272.67    
#           v(1)       v(2)       i(V1)      i(R1)      id(D1)     vd(D1)     gd(D1)     cd(D1)     zraw(D1)   z(2)       iter(0)   
-10.       -10.       -10.        0.        -30.08p    -10.04p    -10.        1.p        1.206p     100.K      100.K      15.       
-8.        -8.        -8.         0.        -24.08p    -8.04p     -8.         1.p        1.3333p    100.K      100.K      4.        
-6.        -6.        -6.         0.        -18.08p    -6.04p     -6.         1.p        1.5119p    100.K      100.K      4.        
-4.        -4.        -4.         0.        -12.08p    -4.04p     -4.         1.p        1.7889p    100.K      100.K      4.        
-2.        -2.        -2.         0.        -6.08p     -2.04p     -2.         1.p        2.3094p    100.K      100.K      4.        
 0.         0.         0.         0.         0.         0.         0.         2.5465p    4.p        100.K      100.K      5.        
 2.         2.         0.49282   -15.072u    15.072u    7.5359u    0.49282    291.36u    5.6167p    1.6871K    1.6871K    15.       
 4.         4.         0.5145    -34.855u    34.855u    17.427u    0.5145     673.81u    5.7389p    736.58     736.58     7.        
 6.         6.         0.52618   -54.738u    54.738u    27.369u    0.52618    0.0010582  5.8049p    470.27     470.27     6.        
 8.         8.         0.5342    -74.658u    74.658u    37.329u    0.5342     0.0014433  5.8503p    345.24     345.24     6.        
 10.        10.        0.54033   -94.597u    94.597u    47.298u    0.54033    0.0018287  5.885p     272.67     272.67     5.        
Gnucap   System status
iterations: op=13, dc=75, tran=0, fourier=0, total=88
transient timesteps: accepted=0, rejected=0, total=0
nodes: user=2, subckt=0, model=0, total=2
dctran density=100.0%, ac density=100.0%
#           v(1)       v(2)       i(V1)      i(R1)      id(D1)     vd(D1)     gd(D1)     cd(D1)     zraw(D1)   z(2)       iter(0)   
 9.999      9.999      0.54032   -94.587u    94.587u    47.293u    0.54032    0.0018285  5.885p     272.7      272.7      13.       
 10.        10.        0.54033   -94.597u    94.597u    47.298u    0.54033    0.0018287  5.885p     272.7      272.7      2.        
 10.001     10.001     0.54033   -94.607u    94.607u    47.303u    0.54033    0.0018289  5.885p     272.67     272.67     2.        
#           v(1)       v(2)       i(V1)      i(R1)      id(D1)     vd(D1)     gd(D1)     cd(D1)     zraw(D1)   z(2)      
 27.        10.        0.54033   -94.597u    94.597u    47.298u    0.54033    0.0018287  5.885p     272.67     272.67    
Gnucap   System status
iterations: op=13, dc=17, tran=0, fourier=0, total=118
transient timesteps: accepted=0, rejected=0, total=0
nodes: user=2, subckt=0, model=0, total=2
dctran density=100.0%, ac density=100.0%
