D: already installed, replacing
stashing as D:0
d: already installed, replacing
stashing as d:0
simple diode test 
V1 ( 1 0 )  DC  10.
R1 ( 1 2 )  100.K
D1 ( 2 0 )  ddd  m=4.
.model ddd d ( af=1. cjo=1.p eg=1.11 fc=0.5 is=10.f kf=0. m=0.5 n=1. rs=0. tt=0. vj=1. xti=3.)
#           v(1)       v(2)       i(V1)      i(R1)      id(D1)     vd(D1)     gd(D1)     cd(D1)     zraw(D1)   z(2)      
 27.        10.        0.52245   -94.776u    94.776u    23.694u    0.52245    916.09u    5.7838p    272.15     272.15    
#           v(1)       v(2)       i(V1)      i(R1)      id(D1)     vd(D1)     gd(D1)     cd(D1)     zraw(D1)   z(2)       iter(0)   
-10.       -10.       -10.        0.        -50.16p    -10.04p    -10.        1.p        1.206p     100.K      100.K      16.       
-8.        -8.        -8.         0.        -40.16p    -8.04p     -8.         1.p        1.3333p    100.K      100.K      4.        
-6.        -6.        -6.         0.        -30.16p    -6.04p     -6.         1.p        1.5119p    100.K      100.K      4.        
-4.        -4.        -4.         0.        -20.16p    -4.04p     -4.         1.p        1.7889p    100.K      100.K      4.        
-2.        -2.        -2.         0.        -10.16p    -2.04p     -2.         1.p        2.3094p    100.K      100.K      4.        
 0.         0.        -1.f       -14.E-21    14.E-21    0.        -1.3553f    2.5465p    4.p        100.K      100.K      5.        
 2.         2.         0.47519   -15.248u    15.248u    3.812u     0.47519    147.39u    5.5215p    1.6679K    1.6679K    12.       
 4.         4.         0.49671   -35.033u    35.033u    8.7582u    0.49671    338.62u    5.6383p    732.87     732.87     7.        
 6.         6.         0.50833   -54.917u    54.917u    13.729u    0.50833    530.82u    5.704p     468.75     468.75     6.        
 8.         8.         0.51634   -74.837u    74.837u    18.709u    0.51634    723.36u    5.7493p    344.42     344.42     6.        
 10.        10.        0.52245   -94.776u    94.776u    23.694u    0.52245    916.09u    5.7838p    272.16     272.16     5.        
Gnucap   System status
iterations: op=14, dc=73, tran=0, fourier=0, total=87
transient timesteps: accepted=0, rejected=0, total=0
nodes: user=2, subckt=0, model=0, total=2
dctran density=100.0%, ac density=100.0%
#           v(1)       v(2)       i(V1)      i(R1)      id(D1)     vd(D1)     gd(D1)     cd(D1)     zraw(D1)   z(2)       iter(0)   
 9.999      9.999      0.52244   -94.766u    94.766u    23.691u    0.52244    915.99u    5.7838p    272.18     272.18     14.       
 10.        10.        0.52245   -94.776u    94.776u    23.694u    0.52245    916.09u    5.7838p    272.18     272.18     2.        
 10.001     10.001     0.52245   -94.786u    94.786u    23.696u    0.52245    916.18u    5.7838p    272.18     272.18     2.        
#           v(1)       v(2)       i(V1)      i(R1)      id(D1)     vd(D1)     gd(D1)     cd(D1)     zraw(D1)   z(2)      
 27.        10.        0.52245   -94.776u    94.776u    23.694u    0.52245    916.09u    5.7838p    272.15     272.15    
Gnucap   System status
iterations: op=14, dc=18, tran=0, fourier=0, total=119
transient timesteps: accepted=0, rejected=0, total=0
nodes: user=2, subckt=0, model=0, total=2
dctran density=100.0%, ac density=100.0%
